2018/03/27 13:27:56.683 [E] 出错信息
2018/03/27 14:12:43.024 [E] 出错信息
2018/03/27 14:13:36.963 [E] Connect to the redis host 127.0.0.1:637 failed
2018/03/27 14:13:36.963 [E] dial tcp 127.0.0.1:637: connect: connection refused
2018/03/27 14:13:36.963 [E] 出错信息
2018/03/27 14:14:01.003 [E] 出错信息
2018/03/27 14:30:55.397 [E] gob: attempt to decode into a non-pointer
2018/03/27 14:30:55.397 [E] GetCache失败，key:mykeytest
2018/03/27 14:32:25.315 [E] gob: attempt to decode into a non-pointer
2018/03/27 14:32:25.315 [E] GetCache失败，key:mykeytest
2018/03/27 14:33:45.699 [E] error测试
2018/03/27 14:34:48.526 [E] error测试
2018/03/27 14:35:02.608 [E] error测试
2018/03/27 14:35:40.554 [E] error测试
2018/03/27 14:35:47.351 [E] error测试
2018/03/27 14:40:03.242 [E] error测试
2018/03/27 14:41:59.694 [E] error测试
2018/03/27 15:04:05.344 [E] error测试
2018/03/27 15:05:17.612 [E] error测试
2018/03/27 15:14:23.414 [E] error测试
